RobotKarolAr/app/build/intermediates/manifest_merge_blame_file/debug/manifest-merger-blame-debug-report.txt
1<?xml version="1.0" encoding="utf-8"?>
2<manifest xmlns:android="http://schemas.android.com/apk/res/android"
3    package="com.example.robotkarolar"
4    android:versionCode="1"
5    android:versionName="1.0" >
6
7    <uses-sdk
8        android:minSdkVersion="21"
8-->src/main/AndroidManifest.xml
9        android:targetSdkVersion="32" />
9-->src/main/AndroidManifest.xml
10
11    <uses-permission android:name="android.permission.INTERNET" />
11-->src/main/AndroidManifest.xml:6:5-67
11-->src/main/AndroidManifest.xml:6:22-64
12    <uses-permission android:name="android.permission.READ_EXTERNAL_STORAGE" />
12-->src/main/AndroidManifest.xml:7:5-80
12-->src/main/AndroidManifest.xml:7:22-77
13    <uses-permission android:name="android.permission.ACCESS_MEDIA_LOCATION" />
13-->src/main/AndroidManifest.xml:8:5-80
13-->src/main/AndroidManifest.xml:8:22-77
14
15    <uses-feature android:name="android.hardware.camera" />
15-->src/main/AndroidManifest.xml:9:5-60
15-->src/main/AndroidManifest.xml:9:19-57
16
17    <uses-permission android:name="android.permission.CAMERA" />
17-->src/main/AndroidManifest.xml:10:5-65
17-->src/main/AndroidManifest.xml:10:22-62
18    <uses-permission android:name="android.permission.CAMERA" />
18-->src/main/AndroidManifest.xml:10:5-65
18-->src/main/AndroidManifest.xml:10:22-62
19    <uses-permission android:name="android.permission.ACCESS_MEDIA_LOCATION" />
19-->src/main/AndroidManifest.xml:8:5-80
19-->src/main/AndroidManifest.xml:8:22-77
20
21    <application
21-->src/main/AndroidManifest.xml:15:5-39:19
22        android:allowBackup="true"
22-->src/main/AndroidManifest.xml:16:9-35
23        android:appComponentFactory="androidx.core.app.CoreComponentFactory"
23-->[androidx.core:core:1.7.0] AndroidManifest.xml:24:18-86
24        android:dataExtractionRules="@xml/data_extraction_rules"
24-->src/main/AndroidManifest.xml:17:9-65
25        android:debuggable="true"
26        android:fullBackupContent="@xml/backup_rules"
26-->src/main/AndroidManifest.xml:18:9-54
27        android:icon="@mipmap/ic_launcher"
27-->src/main/AndroidManifest.xml:19:9-43
28        android:label="@string/app_name"
28-->src/main/AndroidManifest.xml:20:9-41
29        android:roundIcon="@mipmap/ic_launcher_round"
29-->src/main/AndroidManifest.xml:21:9-54
30        android:supportsRtl="true"
30-->src/main/AndroidManifest.xml:22:9-35
31        android:testOnly="true"
32        android:theme="@style/Theme.RobotKarolAr" >
32-->src/main/AndroidManifest.xml:23:9-50
33        <activity
33-->src/main/AndroidManifest.xml:25:9-35:20
34            android:name="com.example.robotkarolar.MainActivity"
34-->src/main/AndroidManifest.xml:26:13-41
35            android:exported="true"
35-->src/main/AndroidManifest.xml:27:13-36
36            android:label="@string/app_name"
36-->src/main/AndroidManifest.xml:28:13-45
37            android:theme="@style/Theme.RobotKarolAr" >
37-->src/main/AndroidManifest.xml:29:13-54
38            <intent-filter>
38-->src/main/AndroidManifest.xml:30:13-34:29
39                <action android:name="android.intent.action.MAIN" />
39-->src/main/AndroidManifest.xml:31:17-69
39-->src/main/AndroidManifest.xml:31:25-66
40
41                <category android:name="android.intent.category.LAUNCHER" />
41-->src/main/AndroidManifest.xml:33:17-77
41-->src/main/AndroidManifest.xml:33:27-74
42            </intent-filter>
43        </activity>
44
45        <meta-data
45-->src/main/AndroidManifest.xml:37:9-81
46            android:name="com.google.ar.core"
46-->src/main/AndroidManifest.xml:37:20-53
47            android:value="required" />
47-->src/main/AndroidManifest.xml:37:54-78
48
49        <activity
49-->[androidx.compose.ui:ui-tooling:1.1.0-beta01] AndroidManifest.xml:25:9-27:39
50            android:name="androidx.compose.ui.tooling.PreviewActivity"
50-->[androidx.compose.ui:ui-tooling:1.1.0-beta01] AndroidManifest.xml:26:13-71
51            android:exported="true" />
51-->[androidx.compose.ui:ui-tooling:1.1.0-beta01] AndroidManifest.xml:27:13-36
52        <activity
52-->[androidx.compose.ui:ui-test-manifest:1.1.0-beta01] AndroidManifest.xml:25:9-27:39
53            android:name="androidx.activity.ComponentActivity"
53-->[androidx.compose.ui:ui-test-manifest:1.1.0-beta01] AndroidManifest.xml:26:13-63
54            android:exported="true" />
54-->[androidx.compose.ui:ui-test-manifest:1.1.0-beta01] AndroidManifest.xml:27:13-36
55
56        <provider
56-->[androidx.profileinstaller:profileinstaller:1.1.0-beta01] AndroidManifest.xml:26:9-34:20
57            android:name="androidx.startup.InitializationProvider"
57-->[androidx.profileinstaller:profileinstaller:1.1.0-beta01] AndroidManifest.xml:27:13-67
58            android:authorities="com.example.robotkarolar.androidx-startup"
58-->[androidx.profileinstaller:profileinstaller:1.1.0-beta01] AndroidManifest.xml:28:13-68
59            android:exported="false" >
59-->[androidx.profileinstaller:profileinstaller:1.1.0-beta01] AndroidManifest.xml:29:13-37
60            <meta-data
60-->[androidx.profileinstaller:profileinstaller:1.1.0-beta01] AndroidManifest.xml:31:13-33:52
61                android:name="androidx.profileinstaller.ProfileInstallerInitializer"
61-->[androidx.profileinstaller:profileinstaller:1.1.0-beta01] AndroidManifest.xml:32:17-85
62                android:value="androidx.startup" />
62-->[androidx.profileinstaller:profileinstaller:1.1.0-beta01] AndroidManifest.xml:33:17-49
63        </provider>
64
65        <receiver
65-->[androidx.profileinstaller:profileinstaller:1.1.0-beta01] AndroidManifest.xml:36:9-45:20
66            android:name="androidx.profileinstaller.ProfileInstallReceiver"
66-->[androidx.profileinstaller:profileinstaller:1.1.0-beta01] AndroidManifest.xml:37:13-76
67            android:directBootAware="false"
67-->[androidx.profileinstaller:profileinstaller:1.1.0-beta01] AndroidManifest.xml:38:13-44
68            android:enabled="true"
68-->[androidx.profileinstaller:profileinstaller:1.1.0-beta01] AndroidManifest.xml:39:13-35
69            android:exported="true"
69-->[androidx.profileinstaller:profileinstaller:1.1.0-beta01] AndroidManifest.xml:40:13-36
70            android:permission="android.permission.DUMP" >
70-->[androidx.profileinstaller:profileinstaller:1.1.0-beta01] AndroidManifest.xml:41:13-57
71            <intent-filter>
71-->[androidx.profileinstaller:profileinstaller:1.1.0-beta01] AndroidManifest.xml:42:13-44:29
72                <action android:name="androidx.profileinstaller.action.INSTALL_PROFILE" />
72-->[androidx.profileinstaller:profileinstaller:1.1.0-beta01] AndroidManifest.xml:43:17-91
72-->[androidx.profileinstaller:profileinstaller:1.1.0-beta01] AndroidManifest.xml:43:25-88
73            </intent-filter>
74        </receiver>
75    </application>
76
77</manifest>